REXPaint v1.03

I=0000001 Initializing resources
I=0000007 Initializing Rogue Engine X
I=0000007 |   Starting SDL
I=0000046 |   Importing icon
I=0000053 |   Confirmed resource initialization
I=0000053 |   Loading colors
I=0000053 |   Initializing font type data
I=0000054 |   Mapping standard ASCII values
I=0000054 |   Loading fonts
I=0000068 |   |   [font set: CP437 12x12]
I=0000080 |   |   ...cp437_12x12.png
I=0000089 |   |   ...cp437_12x12.png
I=0000089 |   |   [font set: CP437 14x14]
I=0000104 |   |   ...cp437_14x14.png
I=0000115 |   |   ...cp437_14x14.png
I=0000116 |   |   [font set: CP437 16x16]
I=0000132 |   |   ...cp437_16x16.png
I=0000147 |   |   ...cp437_16x16.png
I=0000147 |   |   [font set: CP437 18x18]
I=0000167 |   |   ...cp437_18x18.png
I=0000186 |   |   ...cp437_18x18.png
I=0000186 |   |   [font set ignored: CP437 20x20] (resolution exceeds desktop)
I=0000186 |   |   [font set: CP437 8x8]
I=0000194 |   |   ...cp437_8x8.png
I=0000199 |   |   ...cp437_8x8.png
I=0000199 |   |   [font set: CP437 10x10]
I=0000209 |   |   ...cp437_10x10.png
I=0000214 |   |   ...cp437_10x10.png
I=0000215 |   \---DONE
I=0000233 |   Setting video mode
I=0000242 |   Initializing audio
I=0001065 |   Creating console
I=0001070 \---DONE
I=0001086 RP::initialize() | Initializing program
I=0001086 |   Mapping font glyphs
I=0001086 |   Creating game consoles
I=0001088 |   CProgram() | Creating CProgram
I=0001088 |   |   Initializing input domains and commands
I=0001089 |   |   Loading inline colors
I=0001089 |   \---DONE
I=0001089 |   Creating top-level consoles
I=0001089 |   ...CPaint
I=0001102 |   Loading palette: Palette
I=0001109 |   ...CBrowse
I=0001957 |   ...CCanvas
I=0001960 |   ...CPicker
I=0001963 |   ...CFilename
I=0001963 |   ...CResize
I=0001963 |   ...CConfirm
I=0001963 |   ...COptions
I=0001963 |   ...CCommands
I=0001964 |   ...CMessage
I=0001965 \---DONE
I=0001965 Starting REX loop
I=0048639 Saving config
I=0048642 exitREXPaint() | Cleaning up program before exit